-------------------------------------------
Batch: 0
-------------------------------------------
+--------------------+-----+
|            customer|score|
+--------------------+-----+
|Larry.Aristotle@t...|  5.5|
| Ben.Anandh@test.com|  9.5|
|Angie.Abram@test.com| -7.5|
|Lyn.Lincoln@test.com| 24.5|
|Ashley.Khatib@tes...|-30.5|
| Dan.Howard@test.com| -4.0|
|Gail.Phillips@tes...| -4.0|
|Jerry.Howard@test...| -3.5|
|Lyn.Gonzalez@test...| -4.0|
|Jane.Fibonnaci@te...| -0.5|
|Larry.Anderson@te...| -3.5|
|Larry.Jefferson@t...| -4.5|
|Spencer.Davis@tes...| -1.5|
|Suresh.Sanchez@te...| -2.5|
|Senthil.Harris@te...| -3.5|
|Spencer.Habschied...| -3.0|
|Bobby.Howard@test...| 13.0|
|Jane.Howard@test.com| 32.5|
|Danny.Jackson@tes...|  2.5|
|Suresh.Anderson@t...|  6.5|
+--------------------+-----+
only showing top 20 rows

-------------------------------------------
Batch: 1
-------------------------------------------
+--------------------+-----+
|            customer|score|
+--------------------+-----+
|Danny.Jackson@tes...|-13.5|
|Suresh.Anderson@t...|-17.5|
+--------------------+-----+

-------------------------------------------
Batch: 2
-------------------------------------------
+--------------------+-----+
|            customer|score|
+--------------------+-----+
|Senthil.Clayton@t...|-15.5|
+--------------------+-----+

-------------------------------------------
Batch: 3
-------------------------------------------
+--------------------+-----+
|            customer|score|
+--------------------+-----+
|Angie.Olson@test.com| 10.5|
+--------------------+-----+

-------------------------------------------
Batch: 4
-------------------------------------------
+--------------------+-----+
|            customer|score|
+--------------------+-----+
|Suresh.Clayton@te...| 15.0|
+--------------------+-----+

-------------------------------------------
Batch: 5
-------------------------------------------
+-------------------+-----+
|           customer|score|
+-------------------+-----+
|Gail.Clark@test.com|-12.0|
+-------------------+-----+

-------------------------------------------
Batch: 6
-------------------------------------------
+--------------------+-----+
|            customer|score|
+--------------------+-----+
|Suresh.Fibonnaci@...|-12.5|
+--------------------+-----+

-------------------------------------------
Batch: 7
-------------------------------------------
+--------------------+-----+
|            customer|score|
+--------------------+-----+
|John.Anderson@tes...| 37.0|
+--------------------+-----+

-------------------------------------------
Batch: 8
-------------------------------------------
+-------------------+-----+
|           customer|score|
+-------------------+-----+
|Jane.Jones@test.com|  7.5|
+-------------------+-----+

-------------------------------------------
Batch: 9
-------------------------------------------
+-------------------+-----+
|           customer|score|
+-------------------+-----+
|Sean.Jones@test.com|  8.5|
+-------------------+-----+

-------------------------------------------
Batch: 10
-------------------------------------------
+--------------------+-----+
|            customer|score|
+--------------------+-----+
|Larry.Aristotle@t...| 21.0|
+--------------------+-----+

-------------------------------------------
Batch: 11
-------------------------------------------
+-------------------+-----+
|           customer|score|
+-------------------+-----+
|Ben.Anandh@test.com|-11.5|
+-------------------+-----+

-------------------------------------------
Batch: 12
-------------------------------------------
+--------------------+-----+
|            customer|score|
+--------------------+-----+
|Angie.Abram@test.com|  0.0|
+--------------------+-----+

-------------------------------------------
Batch: 13
-------------------------------------------
+--------------------+-----+
|            customer|score|
+--------------------+-----+
|Lyn.Lincoln@test.com| 15.5|
+--------------------+-----+

-------------------------------------------
Batch: 14
-------------------------------------------
+--------------------+-----+
|            customer|score|
+--------------------+-----+
|Ashley.Khatib@tes...| 12.5|
+--------------------+-----+

-------------------------------------------
Batch: 15
-------------------------------------------
+-------------------+-----+
|           customer|score|
+-------------------+-----+
|Dan.Howard@test.com| -4.0|
+-------------------+-----+

-------------------------------------------
Batch: 16
-------------------------------------------
+--------------------+-----+
|            customer|score|
+--------------------+-----+
|Gail.Phillips@tes...| -3.0|
+--------------------+-----+

-------------------------------------------
Batch: 17
-------------------------------------------
+--------------------+-----+
|            customer|score|
+--------------------+-----+
|Jerry.Howard@test...| -1.5|
+--------------------+-----+

-------------------------------------------
Batch: 18
-------------------------------------------
+--------------------+-----+
|            customer|score|
+--------------------+-----+
|Lyn.Gonzalez@test...| -2.0|
+--------------------+-----+

-------------------------------------------
Batch: 19
-------------------------------------------
+--------------------+-----+
|            customer|score|
+--------------------+-----+
|Jane.Fibonnaci@te...| -5.5|
+--------------------+-----+

-------------------------------------------
Batch: 20
-------------------------------------------
+--------------------+-----+
|            customer|score|
+--------------------+-----+
|Larry.Anderson@te...| -1.5|
+--------------------+-----+

-------------------------------------------
Batch: 21
-------------------------------------------
+--------------------+-----+
|            customer|score|
+--------------------+-----+
|Larry.Jefferson@t...| -3.0|
+--------------------+-----+

-------------------------------------------
Batch: 22
-------------------------------------------
+--------------------+-----+
|            customer|score|
+--------------------+-----+
|Spencer.Davis@tes...| -1.5|
+--------------------+-----+

-------------------------------------------
Batch: 23
-------------------------------------------
+--------------------+-----+
|            customer|score|
+--------------------+-----+
|Suresh.Sanchez@te...| -3.0|
+--------------------+-----+

-------------------------------------------
Batch: 24
-------------------------------------------
+--------------------+-----+
|            customer|score|
+--------------------+-----+
|Senthil.Harris@te...| -3.5|
+--------------------+-----+

-------------------------------------------
Batch: 25
-------------------------------------------
+--------------------+-----+
|            customer|score|
+--------------------+-----+
|Spencer.Habschied...| -2.5|
+--------------------+-----+

-------------------------------------------
Batch: 26
-------------------------------------------
+--------------------+-----+
|            customer|score|
+--------------------+-----+
|Bobby.Howard@test...| 16.5|
+--------------------+-----+

-------------------------------------------
Batch: 27
-------------------------------------------
+--------------------+-----+
|            customer|score|
+--------------------+-----+
|Jane.Howard@test.com| 20.0|
+--------------------+-----+

-------------------------------------------
Batch: 28
-------------------------------------------
+--------------------+-----+
|            customer|score|
+--------------------+-----+
|Danny.Jackson@tes...| -4.5|
+--------------------+-----+

-------------------------------------------
Batch: 29
-------------------------------------------
+--------------------+-----+
|            customer|score|
+--------------------+-----+
|Suresh.Anderson@t...|-18.0|
+--------------------+-----+

-------------------------------------------
Batch: 30
-------------------------------------------
+--------------------+-----+
|            customer|score|
+--------------------+-----+
|Senthil.Clayton@t...|-36.0|
+--------------------+-----+

-------------------------------------------
Batch: 31
-------------------------------------------
+--------------------+-----+
|            customer|score|
+--------------------+-----+
|Angie.Olson@test.com|-27.5|
+--------------------+-----+

-------------------------------------------
Batch: 32
-------------------------------------------
+--------------------+-----+
|            customer|score|
+--------------------+-----+
|Suresh.Clayton@te...| 22.0|
+--------------------+-----+

-------------------------------------------
Batch: 33
-------------------------------------------
+-------------------+-----+
|           customer|score|
+-------------------+-----+
|Gail.Clark@test.com| -6.0|
+-------------------+-----+

-------------------------------------------
Batch: 34
-------------------------------------------
+--------------------+-----+
|            customer|score|
+--------------------+-----+
|Suresh.Fibonnaci@...|  3.5|
+--------------------+-----+

-------------------------------------------
Batch: 35
-------------------------------------------
+--------------------+-----+
|            customer|score|
+--------------------+-----+
|John.Anderson@tes...| 14.5|
+--------------------+-----+

-------------------------------------------
Batch: 36
-------------------------------------------
+-------------------+-----+
|           customer|score|
+-------------------+-----+
|Jane.Jones@test.com|  3.5|
+-------------------+-----+

-------------------------------------------
Batch: 37
-------------------------------------------
+-------------------+-----+
|           customer|score|
+-------------------+-----+
|Sean.Jones@test.com| -9.5|
+-------------------+-----+

-------------------------------------------
Batch: 38
-------------------------------------------
+--------------------+-----+
|            customer|score|
+--------------------+-----+
|Larry.Aristotle@t...|  0.5|
+--------------------+-----+

-------------------------------------------
Batch: 39
-------------------------------------------
+-------------------+-----+
|           customer|score|
+-------------------+-----+
|Ben.Anandh@test.com|  3.5|
+-------------------+-----+

-------------------------------------------
Batch: 40
-------------------------------------------
+--------------------+-----+
|            customer|score|
+--------------------+-----+
|Angie.Abram@test.com|-31.5|
+--------------------+-----+

-------------------------------------------
Batch: 41
-------------------------------------------
+--------------------+-----+
|            customer|score|
+--------------------+-----+
|Lyn.Lincoln@test.com| 29.0|
+--------------------+-----+

-------------------------------------------
Batch: 42
-------------------------------------------
+--------------------+-----+
|            customer|score|
+--------------------+-----+
|Ashley.Khatib@tes...| 13.5|
+--------------------+-----+

-------------------------------------------
Batch: 43
-------------------------------------------
+-------------------+-----+
|           customer|score|
+-------------------+-----+
|Dan.Howard@test.com| -3.5|
+-------------------+-----+

